<?xml version="1.0" encoding="UTF-8" ?>
<testsuite tests="6" failures="0" name="com.cybage.jacoco.AppTest" time="0.006" errors="0" skipped="0">
  <properties>
[...]
</properties>
  <testcase classname="com.cybage.jacoco.AppTest" name="shouldAnswerWithTrue" time="0.004"/>
  <testcase classname="com.cybage.jacoco.AppTest" name="testMultiplication" time="0.001"/>
  <testcase classname="com.cybage.jacoco.AppTest" name="testAddition" time="0"/>
  <testcase classname="com.cybage.jacoco.AppTest" name="testDivisionByZero" time="0"/>
  <testcase classname="com.cybage.jacoco.AppTest" name="testDivision" time="0.001"/>
  <testcase classname="com.cybage.jacoco.AppTest" name="testSubtraction" time="0"/>
</testsuite>